<?xml version="1.0" encoding="UTF-8"?>
<!-- Generated by org.testng.reporters.JUnitXMLReporter -->
<testsuite hostname="DESKTOP-QNHJ5Q7" name="Default test" tests="4" failures="0" timestamp="10 Dec 2022 12:09:12 GMT" time="66.47" errors="0">
  <testcase name="verifyLoginWithInValidUser" time="10.449" classname="dataProvider.multipleData"/>
  <testcase name="verifyLoginWithInValidUser" time="10.135" classname="dataProvider.multipleData"/>
  <testcase name="verifyLoginWithInValidUser" time="9.73" classname="dataProvider.multipleData"/>
  <testcase name="verifyLoginWithInValidUser" time="9.702" classname="dataProvider.multipleData"/>
</testsuite> <!-- Default test -->
