<?xml version="1.0" encoding="UTF-8"?>
<!-- Generated by org.testng.reporters.JUnitXMLReporter -->
<testsuite hostname="DESKTOP-QNHJ5Q7" name="EdgeTest" tests="5" failures="0" timestamp="1 Dec 2022 08:28:11 GMT" time="115.636" errors="0">
  <testcase name="amazonTest" time="12.594" classname="seleniumIDE.NopCommerceLoginTest"/>
  <testcase name="hyrtutorial" time="11.562" classname="seleniumIDE.NopCommerceLoginTest"/>
  <testcase name="nopCommerceLogin" time="18.304" classname="seleniumIDE.NopCommerceLoginTest"/>
  <testcase name="orangeliveTest" time="27.517" classname="seleniumIDE.NopCommerceLoginTest"/>
  <testcase name="loginTest" time="28.657" classname="seleniumIDE.LoginTestng"/>
</testsuite> <!-- EdgeTest -->
