<?xml version="1.0" encoding="UTF-8"?>
<testng-results skipped="0" failed="0" total="4" passed="4">
  <reporter-output>
  </reporter-output>
  <suite name="Default suite" duration-ms="66470" started-at="2022-12-10T12:08:05Z" finished-at="2022-12-10T12:09:12Z">
    <groups>
    </groups>
    <test name="Default test" duration-ms="66470" started-at="2022-12-10T12:08:05Z" finished-at="2022-12-10T12:09:12Z">
      <class name="dataProvider.multipleData">
        <test-method status="PASS" signature="launchApp()[pri:0, instance:dataProvider.multipleData@6ea12c19]" name="launchApp" is-config="true" duration-ms="5133" started-at="2022-12-10T04:08:05Z" finished-at="2022-12-10T04:08:10Z">
          <reporter-output>
          </reporter-output>
        </test-method> <!-- launchApp -->
        <test-method status="PASS" signature="verifyLoginWithInValidUser(java.lang.String, java.lang.String)[pri:0, instance:dataProvider.multipleData@6ea12c19]" name="verifyLoginWithInValidUser" duration-ms="10449" started-at="2022-12-10T04:08:10Z" data-provider="regressionData" finished-at="2022-12-10T04:08:21Z">
          <params>
            <param index="0">
              <value>
                <![CDATA[abiramiRegsssion@google.com]]>
              </value>
            </param>
            <param index="1">
              <value>
                <![CDATA[demo@123]]>
              </value>
            </param>
          </params>
          <reporter-output>
          </reporter-output>
        </test-method> <!-- verifyLoginWithInValidUser -->
        <test-method status="PASS" signature="verifyLoginWithInValidUser(java.lang.String, java.lang.String)[pri:0, instance:dataProvider.multipleData@6ea12c19]" name="verifyLoginWithInValidUser" duration-ms="10135" started-at="2022-12-10T04:08:21Z" data-provider="regressionData" finished-at="2022-12-10T04:08:31Z">
          <params>
            <param index="0">
              <value>
                <![CDATA[KritikaRegsssion@yahoo.com]]>
              </value>
            </param>
            <param index="1">
              <value>
                <![CDATA[password]]>
              </value>
            </param>
          </params>
          <reporter-output>
          </reporter-output>
        </test-method> <!-- verifyLoginWithInValidUser -->
        <test-method status="PASS" signature="verifyLoginWithInValidUser(java.lang.String, java.lang.String)[pri:0, instance:dataProvider.multipleData@6ea12c19]" name="verifyLoginWithInValidUser" duration-ms="9730" started-at="2022-12-10T04:08:31Z" data-provider="regressionData" finished-at="2022-12-10T04:08:41Z">
          <params>
            <param index="0">
              <value>
                <![CDATA[PriyankaRegsssion@gmail.com]]>
              </value>
            </param>
            <param index="1">
              <value>
                <![CDATA[password]]>
              </value>
            </param>
          </params>
          <reporter-output>
          </reporter-output>
        </test-method> <!-- verifyLoginWithInValidUser -->
        <test-method status="PASS" signature="verifyLoginWithInValidUser(java.lang.String, java.lang.String)[pri:0, instance:dataProvider.multipleData@6ea12c19]" name="verifyLoginWithInValidUser" duration-ms="9702" started-at="2022-12-10T04:08:41Z" data-provider="regressionData" finished-at="2022-12-10T04:08:50Z">
          <params>
            <param index="0">
              <value>
                <![CDATA[sidRegsssion@gmail.com]]>
              </value>
            </param>
            <param index="1">
              <value>
                <![CDATA[password]]>
              </value>
            </param>
          </params>
          <reporter-output>
          </reporter-output>
        </test-method> <!-- verifyLoginWithInValidUser -->
        <test-method status="PASS" signature="closeApp()[pri:0, instance:dataProvider.multipleData@6ea12c19]" name="closeApp" is-config="true" duration-ms="21298" started-at="2022-12-10T04:08:50Z" finished-at="2022-12-10T04:09:12Z">
          <reporter-output>
          </reporter-output>
        </test-method> <!-- closeApp -->
      </class> <!-- dataProvider.multipleData -->
    </test> <!-- Default test -->
  </suite> <!-- Default suite -->
</testng-results>
